<?xml version="1.0" encoding="UTF-8"?>
<!-- Generated by org.testng.reporters.JUnitReportReporter -->
<testsuite hostname="DESKTOP-I06O3L7" name="static_block.Demo3" tests="1" failures="0" timestamp="8 Mar 2016 04:25:42 GMT" time="0.047" errors="0">
  <testcase name="testA" time="0.047" classname="static_block.Demo3"/>
</testsuite> <!-- static_block.Demo3 -->
