<?xml version="1.0" encoding="UTF-8"?>
<!-- Generated by org.testng.reporters.JUnitReportReporter -->
<testsuite hostname="DESKTOP-I06O3L7" name="basic.Palindrome_Without_Scan" tests="1" failures="0" timestamp="7 Mar 2016 17:21:00 GMT" time="0.015" errors="0">
  <testcase name="test" time="0.015" classname="basic.Palindrome_Without_Scan"/>
</testsuite> <!-- basic.Palindrome_Without_Scan -->
